Arguments: 
  /Users/lixiaolong/.nvm/versions/node/v16.9.1/bin/node /usr/local/Cellar/yarn/1.22.10/libexec/bin/yarn.js add three@ 0.107 -D

PATH: 
  /Users/lixiaolong/.nvm/versions/node/v16.9.1/bin:/usr/local/bin:/usr/local/sbin:/usr/local/bin:/usr/bin:/bin:/usr/sbin:/sbin:/Library/Apple/usr/bin:/Users/lixiaolong/.nvm/versions/node/v16.9.1/bin:/usr/local/sbin

Yarn version: 
  1.22.10

Node version: 
  16.9.1

Platform: 
  darwin x64

Trace: 
  Error: http://registry.npm.taobao.org/0.107: Not found
      at Request.params.callback [as _callback] (/usr/local/Cellar/yarn/1.22.10/libexec/lib/cli.js:66988:18)
      at Request.self.callback (/usr/local/Cellar/yarn/1.22.10/libexec/lib/cli.js:140749:22)
      at Request.emit (node:events:394:28)
      at Request.<anonymous> (/usr/local/Cellar/yarn/1.22.10/libexec/lib/cli.js:141721:10)
      at Request.emit (node:events:394:28)
      at IncomingMessage.<anonymous> (/usr/local/Cellar/yarn/1.22.10/libexec/lib/cli.js:141643:12)
      at Object.onceWrapper (node:events:513:28)
      at IncomingMessage.emit (node:events:406:35)
      at endReadableNT (node:internal/streams/readable:1343:12)
      at processTicksAndRejections (node:internal/process/task_queues:83:21)

npm manifest: 
  {
    "name": "my-sketches",
    "version": "1.0.0",
    "description": "",
    "main": "shader.js",
    "scripts": {
      "test": "echo \"Error: no test specified\" && exit 1"
    },
    "keywords": [],
    "author": "",
    "license": "ISC",
    "dependencies": {
      "canvas-sketch": "^0.7.4",
      "glsl-noise": "^0.0.0",
      "three": "^0.134.0"
    }
  }

yarn manifest: 
  No manifest

Lockfile: 
  # THIS IS AN AUTOGENERATED FILE. DO NOT EDIT THIS FILE DIRECTLY.
  # yarn lockfile v1
  
  
  call-bind@^1.0.2:
    version "1.0.2"
    resolved "https://registry.nlark.com/call-bind/download/call-bind-1.0.2.tgz#b1d4e89e688119c3c9a903ad30abb2f6a919be3c"
    integrity sha1-sdTonmiBGcPJqQOtMKuy9qkZvjw=
    dependencies:
      function-bind "^1.1.1"
      get-intrinsic "^1.0.2"
  
  canvas-sketch@^0.7.4:
    version "0.7.4"
    resolved "https://registry.npmmirror.com/canvas-sketch/download/canvas-sketch-0.7.4.tgz#358e4efc8b011e9f13abfb0fcb2ffc8eed1fe255"
    integrity sha1-NY5O/IsBHp8Tq/sPyy/8ju0f4lU=
    dependencies:
      convert-length "^1.0.1"
      dateformat "^3.0.3"
      deep-equal "^1.0.1"
      get-canvas-context "^1.0.2"
      is-class "0.0.5"
      is-dom "^1.0.9"
      is-promise "^2.1.0"
      object-assign "^4.1.1"
      pad-left "^2.1.0"
      right-now "^1.0.0"
  
  convert-length@^1.0.1:
    version "1.0.1"
    resolved "https://registry.npmmirror.com/convert-length/download/convert-length-1.0.1.tgz#b66c7dc1f7d181916667c977f57be2f1eb17c1b7"
    integrity sha1-tmx9wffRgZFmZ8l39Xvi8esXwbc=
    dependencies:
      defined "^1.0.0"
  
  dateformat@^3.0.3:
    version "3.0.3"
    resolved "https://registry.npmmirror.com/dateformat/download/dateformat-3.0.3.tgz?cache=0&sync_timestamp=1634391114229&other_urls=https%3A%2F%2Fregistry.npmmirror.com%2Fdateformat%2Fdownload%2Fdateformat-3.0.3.tgz#a6e37499a4d9a9cf85ef5872044d62901c9889ae"
    integrity sha1-puN0maTZqc+F71hyBE1ikByYia4=
  
  deep-equal@^1.0.1:
    version "1.1.1"
    resolved "https://registry.nlark.com/deep-equal/download/deep-equal-1.1.1.tgz#b5c98c942ceffaf7cb051e24e1434a25a2e6076a"
    integrity sha1-tcmMlCzv+vfLBR4k4UNKJaLmB2o=
    dependencies:
      is-arguments "^1.0.4"
      is-date-object "^1.0.1"
      is-regex "^1.0.4"
      object-is "^1.0.1"
      object-keys "^1.1.1"
      regexp.prototype.flags "^1.2.0"
  
  define-properties@^1.1.3:
    version "1.1.3"
    resolved "https://registry.nlark.com/define-properties/download/define-properties-1.1.3.tgz?cache=0&sync_timestamp=1618847174317&other_urls=https%3A%2F%2Fregistry.nlark.com%2Fdefine-properties%2Fdownload%2Fdefine-properties-1.1.3.tgz#cf88da6cbee26fe6db7094f61d870cbd84cee9f1"
    integrity sha1-z4jabL7ib+bbcJT2HYcMvYTO6fE=
    dependencies:
      object-keys "^1.0.12"
  
  defined@^1.0.0:
    version "1.0.0"
    resolved "https://registry.npm.taobao.org/defined/download/defined-1.0.0.tgz#c98d9bcef75674188e110969151199e39b1fa693"
    integrity sha1-yY2bzvdWdBiOEQlpFRGZ45sfppM=
  
  function-bind@^1.1.1:
    version "1.1.1"
    resolved "https://registry.nlark.com/function-bind/download/function-bind-1.1.1.tgz#a56899d3ea3c9bab874bb9773b7c5ede92f4895d"
    integrity sha1-pWiZ0+o8m6uHS7l3O3xe3pL0iV0=
  
  get-canvas-context@^1.0.2:
    version "1.0.2"
    resolved "https://registry.nlark.com/get-canvas-context/download/get-canvas-context-1.0.2.tgz#d6e7b50bc4e4c86357cd39f22647a84b73601e93"
    integrity sha1-1ue1C8TkyGNXzTnyJkeoS3NgHpM=
  
  get-intrinsic@^1.0.2:
    version "1.1.1"
    resolved "https://registry.nlark.com/get-intrinsic/download/get-intrinsic-1.1.1.tgz#15f59f376f855c446963948f0d24cd3637b4abc6"
    integrity sha1-FfWfN2+FXERpY5SPDSTNNje0q8Y=
    dependencies:
      function-bind "^1.1.1"
      has "^1.0.3"
      has-symbols "^1.0.1"
  
  glsl-noise@^0.0.0:
    version "0.0.0"
    resolved "https://registry.npm.taobao.org/glsl-noise/download/glsl-noise-0.0.0.tgz#367745f3a33382c0eeec4cb54b7e99cfc1d7670b"
    integrity sha1-NndF86MzgsDu7Ey1S36Zz8HXZws=
  
  has-symbols@^1.0.1, has-symbols@^1.0.2:
    version "1.0.2"
    resolved "https://registry.nlark.com/has-symbols/download/has-symbols-1.0.2.tgz#165d3070c00309752a1236a479331e3ac56f1423"
    integrity sha1-Fl0wcMADCXUqEjakeTMeOsVvFCM=
  
  has-tostringtag@^1.0.0:
    version "1.0.0"
    resolved "https://registry.nlark.com/has-tostringtag/download/has-tostringtag-1.0.0.tgz?cache=0&sync_timestamp=1628198671004&other_urls=https%3A%2F%2Fregistry.nlark.com%2Fhas-tostringtag%2Fdownload%2Fhas-tostringtag-1.0.0.tgz#7e133818a7d394734f941e73c3d3f9291e658b25"
    integrity sha1-fhM4GKfTlHNPlB5zw9P5KR5liyU=
    dependencies:
      has-symbols "^1.0.2"
  
  has@^1.0.3:
    version "1.0.3"
    resolved "https://registry.nlark.com/has/download/has-1.0.3.tgz#722d7cbfc1f6aa8241f16dd814e011e1f41e8796"
    integrity sha1-ci18v8H2qoJB8W3YFOAR4fQeh5Y=
    dependencies:
      function-bind "^1.1.1"
  
  is-arguments@^1.0.4:
    version "1.1.1"
    resolved "https://registry.nlark.com/is-arguments/download/is-arguments-1.1.1.tgz?cache=0&sync_timestamp=1628201919104&other_urls=https%3A%2F%2Fregistry.nlark.com%2Fis-arguments%2Fdownload%2Fis-arguments-1.1.1.tgz#15b3f88fda01f2a97fec84ca761a560f123efa9b"
    integrity sha1-FbP4j9oB8ql/7ITKdhpWDxI++ps=
    dependencies:
      call-bind "^1.0.2"
      has-tostringtag "^1.0.0"
  
  is-class@0.0.5:
    version "0.0.5"
    resolved "https://registry.nlark.com/is-class/download/is-class-0.0.5.tgz#220a8465d24f9a142082d06c7c56edb39052416d"
    integrity sha1-IgqEZdJPmhQggtBsfFbts5BSQW0=
  
  is-date-object@^1.0.1:
    version "1.0.5"
    resolved "https://registry.nlark.com/is-date-object/download/is-date-object-1.0.5.tgz?cache=0&other_urls=https%3A%2F%2Fregistry.nlark.com%2Fis-date-object%2Fdownload%2Fis-date-object-1.0.5.tgz#0841d5536e724c25597bf6ea62e1bd38298df31f"
    integrity sha1-CEHVU25yTCVZe/bqYuG9OCmN8x8=
    dependencies:
      has-tostringtag "^1.0.0"
  
  is-dom@^1.0.9:
    version "1.1.0"
    resolved "https://registry.npm.taobao.org/is-dom/download/is-dom-1.1.0.tgz#af1fced292742443bb59ca3f76ab5e80907b4e8a"
    integrity sha1-rx/O0pJ0JEO7Wco/dqtegJB7Too=
    dependencies:
      is-object "^1.0.1"
      is-window "^1.0.2"
  
  is-object@^1.0.1:
    version "1.0.2"
    resolved "https://registry.nlark.com/is-object/download/is-object-1.0.2.tgz#a56552e1c665c9e950b4a025461da87e72f86fcf"
    integrity sha1-pWVS4cZlyelQtKAlRh2ofnL4b88=
  
  is-promise@^2.1.0:
    version "2.2.2"
    resolved "https://registry.nlark.com/is-promise/download/is-promise-2.2.2.tgz#39ab959ccbf9a774cf079f7b40c7a26f763135f1"
    integrity sha1-OauVnMv5p3TPB597QMeib3YxNfE=
  
  is-regex@^1.0.4:
    version "1.1.4"
    resolved "https://registry.nlark.com/is-regex/download/is-regex-1.1.4.tgz#eef5663cd59fa4c0ae339505323df6854bb15958"
    integrity sha1-7vVmPNWfpMCuM5UFMj32hUuxWVg=
    dependencies:
      call-bind "^1.0.2"
      has-tostringtag "^1.0.0"
  
  is-window@^1.0.2:
    version "1.0.2"
    resolved "https://registry.npm.taobao.org/is-window/download/is-window-1.0.2.tgz#2c896ca53db97de45d3c33133a65d8c9f563480d"
    integrity sha1-LIlspT25feRdPDMTOmXYyfVjSA0=
  
  object-assign@^4.1.1:
    version "4.1.1"
    resolved "https://registry.nlark.com/object-assign/download/object-assign-4.1.1.tgz?cache=0&sync_timestamp=1618847043548&other_urls=https%3A%2F%2Fregistry.nlark.com%2Fobject-assign%2Fdownload%2Fobject-assign-4.1.1.tgz#2109adc7965887cfc05cbbd442cac8bfbb360863"
    integrity sha1-IQmtx5ZYh8/AXLvUQsrIv7s2CGM=
  
  object-is@^1.0.1:
    version "1.1.5"
    resolved "https://registry.npm.taobao.org/object-is/download/object-is-1.1.5.tgz#b9deeaa5fc7f1846a0faecdceec138e5778f53ac"
    integrity sha1-ud7qpfx/GEag+uzc7sE45XePU6w=
    dependencies:
      call-bind "^1.0.2"
      define-properties "^1.1.3"
  
  object-keys@^1.0.12, object-keys@^1.1.1:
    version "1.1.1"
    resolved "https://registry.nlark.com/object-keys/download/object-keys-1.1.1.tgz#1c47f272df277f3b1daf061677d9c82e2322c60e"
    integrity sha1-HEfyct8nfzsdrwYWd9nILiMixg4=
  
  pad-left@^2.1.0:
    version "2.1.0"
    resolved "https://registry.nlark.com/pad-left/download/pad-left-2.1.0.tgz#16e6a3b2d44a8e138cb0838cc7cb403a4fc9e994"
    integrity sha1-FuajstRKjhOMsIOMx8tAOk/J6ZQ=
    dependencies:
      repeat-string "^1.5.4"
  
  regexp.prototype.flags@^1.2.0:
    version "1.3.1"
    resolved "https://registry.nlark.com/regexp.prototype.flags/download/regexp.prototype.flags-1.3.1.tgz#7ef352ae8d159e758c0eadca6f8fcb4eef07be26"
    integrity sha1-fvNSro0VnnWMDq3Kb4/LTu8HviY=
    dependencies:
      call-bind "^1.0.2"
      define-properties "^1.1.3"
  
  repeat-string@^1.5.4:
    version "1.6.1"
    resolved "https://registry.npm.taobao.org/repeat-string/download/repeat-string-1.6.1.tgz#8dcae470e1c88abc2d600fff4a776286da75e637"
    integrity sha1-jcrkcOHIirwtYA//Sndihtp15jc=
  
  right-now@^1.0.0:
    version "1.0.0"
    resolved "https://registry.nlark.com/right-now/download/right-now-1.0.0.tgz#6e89609deebd7dcdaf8daecc9aea39cf585a0918"
    integrity sha1-bolgne69fc2vja7Mmuo5z1haCRg=
  
  three@^0.134.0:
    version "0.134.0"
    resolved "https://registry.npmmirror.com/three/download/three-0.134.0.tgz?cache=0&sync_timestamp=1636706775671&other_urls=https%3A%2F%2Fregistry.npmmirror.com%2Fthree%2Fdownload%2Fthree-0.134.0.tgz#d7ad4d85d050da0861bf39749b06ddfb5f17157f"
    integrity sha1-161NhdBQ2ghhvzl0mwbd+18XFX8=
